[    1060ms] [LOG] %cDEBUG%c crates/core/src/client_manager.rs:467%c Signup entry registered: stoat color: lawngreen; background: #444 color: gray; font-style: italic color: inherit @ http://localhost:3000/wasm/snippets/dioxus-interpreter-js-c0f0333193e32f17/src/js/patch_console.js:0
[    1061ms] [LOG] %cDEBUG%c crates/core/src/client_manager.rs:467%c Signup entry registered: poly color: lawngreen; background: #444 color: gray; font-style: italic color: inherit @ http://localhost:3000/wasm/snippets/dioxus-interpreter-js-c0f0333193e32f17/src/js/patch_console.js:0
[    1061ms] [LOG] %cDEBUG%c crates/core/src/client_manager.rs:447%c Plugin settings registered: demo color: lawngreen; background: #444 color: gray; font-style: italic color: inherit @ http://localhost:3000/wasm/snippets/dioxus-interpreter-js-c0f0333193e32f17/src/js/patch_console.js:0
[    1061ms] [LOG] %cDEBUG%c crates/core/src/client_manager.rs:447%c Plugin settings registered: stoat color: lawngreen; background: #444 color: gray; font-style: italic color: inherit @ http://localhost:3000/wasm/snippets/dioxus-interpreter-js-c0f0333193e32f17/src/js/patch_console.js:0
[    1062ms] [LOG] %cDEBUG%c crates/core/src/client_manager.rs:447%c Plugin settings registered: poly color: lawngreen; background: #444 color: gray; font-style: italic color: inherit @ http://localhost:3000/wasm/snippets/dioxus-interpreter-js-c0f0333193e32f17/src/js/patch_console.js:0
[    1062ms] [LOG] %cINFO%c crates/core/src/ui/mod.rs:727%c registered 14 test accounts color: whitesmoke; background: #444 color: gray; font-style: italic color: inherit @ http://localhost:3000/wasm/snippets/dioxus-interpreter-js-c0f0333193e32f17/src/js/patch_console.js:0
[    1077ms] [LOG] %cINFO%c crates/core/src/storage/host_bridge.rs:56%c host-bridge storage: bridge reachable color: whitesmoke; background: #444 color: gray; font-style: italic color: inherit @ http://localhost:3000/wasm/snippets/dioxus-interpreter-js-c0f0333193e32f17/src/js/patch_console.js:0
[    1081ms] [LOG] %cINFO%c crates/core/src/storage/mod.rs:1008%c Storage schema: current v1, target v1 color: whitesmoke; background: #444 color: gray; font-style: italic color: inherit @ http://localhost:3000/wasm/snippets/dioxus-interpreter-js-c0f0333193e32f17/src/js/patch_console.js:0
[    1089ms] [LOG] %cINFO%c crates/core/src/ui/mod.rs:964%c Storage: setup complete, going to main layout color: whitesmoke; background: #444 color: gray; font-style: italic color: inherit @ http://localhost:3000/wasm/snippets/dioxus-interpreter-js-c0f0333193e32f17/src/js/patch_console.js:0
[    1089ms] [LOG] %cINFO%c crates/core/src/i18n/mod.rs:362%c Locale changed to: en color: whitesmoke; background: #444 color: gray; font-style: italic color: inherit @ http://localhost:3000/wasm/snippets/dioxus-interpreter-js-c0f0333193e32f17/src/js/patch_console.js:0
[    1091ms] [LOG] %cWARN%c crates/core/src/i18n/mod.rs:236%c FTL error in locale en: Overriding { kind: Message, id: "user-no-members" } color: orange; background: #444 color: gray; font-style: italic color: inherit @ http://localhost:3000/wasm/snippets/dioxus-interpreter-js-c0f0333193e32f17/src/js/patch_console.js:0
[    1094ms] [LOG] %cINFO%c crates/core/src/ui/mod.rs:985%c Restored 35 favorited server(s) from storage color: whitesmoke; background: #444 color: gray; font-style: italic color: inherit @ http://localhost:3000/wasm/snippets/dioxus-interpreter-js-c0f0333193e32f17/src/js/patch_console.js:0
[    1109ms] [LOG] %cINFO%c crates/core/src/client_manager.rs:309%c Demo clients committed to ClientManager color: whitesmoke; background: #444 color: gray; font-style: italic color: inherit @ http://localhost:3000/wasm/snippets/dioxus-interpreter-js-c0f0333193e32f17/src/js/patch_console.js:0
[    1109ms] [LOG] %cDEBUG%c crates/core/src/client_manager.rs:447%c Plugin settings registered: demo color: lawngreen; background: #444 color: gray; font-style: italic color: inherit @ http://localhost:3000/wasm/snippets/dioxus-interpreter-js-c0f0333193e32f17/src/js/patch_console.js:0
[    1126ms] [LOG] %cDEBUG%c crates/core/src/client_manager.rs:467%c Signup entry registered: stoat color: lawngreen; background: #444 color: gray; font-style: italic color: inherit @ http://localhost:3000/wasm/snippets/dioxus-interpreter-js-c0f0333193e32f17/src/js/patch_console.js:0
[    1126ms] [LOG] %cDEBUG%c crates/core/src/client_manager.rs:467%c Signup entry registered: poly color: lawngreen; background: #444 color: gray; font-style: italic color: inherit @ http://localhost:3000/wasm/snippets/dioxus-interpreter-js-c0f0333193e32f17/src/js/patch_console.js:0
[    1127ms] [LOG] %cDEBUG%c crates/core/src/client_manager.rs:447%c Plugin settings registered: demo color: lawngreen; background: #444 color: gray; font-style: italic color: inherit @ http://localhost:3000/wasm/snippets/dioxus-interpreter-js-c0f0333193e32f17/src/js/patch_console.js:0
[    1127ms] [LOG] %cDEBUG%c crates/core/src/client_manager.rs:447%c Plugin settings registered: stoat color: lawngreen; background: #444 color: gray; font-style: italic color: inherit @ http://localhost:3000/wasm/snippets/dioxus-interpreter-js-c0f0333193e32f17/src/js/patch_console.js:0
[    1127ms] [LOG] %cDEBUG%c crates/core/src/client_manager.rs:447%c Plugin settings registered: poly color: lawngreen; background: #444 color: gray; font-style: italic color: inherit @ http://localhost:3000/wasm/snippets/dioxus-interpreter-js-c0f0333193e32f17/src/js/patch_console.js:0
[    1127ms] [LOG] %cINFO%c crates/core/src/ui/mod.rs:727%c registered 28 test accounts color: whitesmoke; background: #444 color: gray; font-style: italic color: inherit @ http://localhost:3000/wasm/snippets/dioxus-interpreter-js-c0f0333193e32f17/src/js/patch_console.js:0
[    1139ms] [LOG] %cDEBUG%c crates/core/src/ui/demo.rs:511%c Event stream started for account: demo-dog color: lawngreen; background: #444 color: gray; font-style: italic color: inherit @ http://localhost:3000/wasm/snippets/dioxus-interpreter-js-c0f0333193e32f17/src/js/patch_console.js:0
[    1139ms] [LOG] %cDEBUG%c crates/core/src/ui/demo.rs:581%c Event stream ended for account: demo-dog color: lawngreen; background: #444 color: gray; font-style: italic color: inherit @ http://localhost:3000/wasm/snippets/dioxus-interpreter-js-c0f0333193e32f17/src/js/patch_console.js:0
[    1139ms] [LOG] %cDEBUG%c crates/core/src/ui/demo.rs:511%c Event stream started for account: demo-cat color: lawngreen; background: #444 color: gray; font-style: italic color: inherit @ http://localhost:3000/wasm/snippets/dioxus-interpreter-js-c0f0333193e32f17/src/js/patch_console.js:0
[    1139ms] [LOG] %cDEBUG%c crates/core/src/ui/demo.rs:581%c Event stream ended for account: demo-cat color: lawngreen; background: #444 color: gray; font-style: italic color: inherit @ http://localhost:3000/wasm/snippets/dioxus-interpreter-js-c0f0333193e32f17/src/js/patch_console.js:0
[    1139ms] [LOG] %cDEBUG%c crates/core/src/ui/demo.rs:511%c Event stream started for account: demo-platypus color: lawngreen; background: #444 color: gray; font-style: italic color: inherit @ http://localhost:3000/wasm/snippets/dioxus-interpreter-js-c0f0333193e32f17/src/js/patch_console.js:0
[    1140ms] [LOG] %cDEBUG%c crates/core/src/ui/demo.rs:581%c Event stream ended for account: demo-platypus color: lawngreen; background: #444 color: gray; font-style: italic color: inherit @ http://localhost:3000/wasm/snippets/dioxus-interpreter-js-c0f0333193e32f17/src/js/patch_console.js:0
[    1143ms] [LOG] %cINFO%c crates/core/src/ui/mod.rs:1007%c Restored per-account last routes from storage color: whitesmoke; background: #444 color: gray; font-style: italic color: inherit @ http://localhost:3000/wasm/snippets/dioxus-interpreter-js-c0f0333193e32f17/src/js/patch_console.js:0
[    1148ms] [LOG] %cINFO%c crates/core/src/ui/mod.rs:1015%c Restored per-account last DM routes from storage color: whitesmoke; background: #444 color: gray; font-style: italic color: inherit @ http://localhost:3000/wasm/snippets/dioxus-interpreter-js-c0f0333193e32f17/src/js/patch_console.js:0
[    1159ms] [LOG] %cWARN%c crates/core/src/ui/mod.rs:761%c restore_poly_accounts: no identity key found, skipping color: orange; background: #444 color: gray; font-style: italic color: inherit @ http://localhost:3000/wasm/snippets/dioxus-interpreter-js-c0f0333193e32f17/src/js/patch_console.js:0
[    1206ms] [LOG] %cDEBUG%c crates/core/src/ui/routes.rs:2176%c visited route variant: FriendsRoute color: lawngreen; background: #444 color: gray; font-style: italic color: inherit @ http://localhost:3000/wasm/snippets/dioxus-interpreter-js-c0f0333193e32f17/src/js/patch_console.js:0
[   35779ms] [LOG] %cINFO%c crates/core/src/ui/account/common/channel_list.rs:339%c open_direct_message_from_active_account: start user_id = user-charlie; color: whitesmoke; background: #444 color: gray; font-style: italic color: inherit @ http://localhost:3000/wasm/snippets/dioxus-interpreter-js-c0f0333193e32f17/src/js/patch_console.js:0
[   35779ms] [LOG] %cINFO%c crates/core/src/ui/account/common/channel_list.rs:346%c open_direct_message_from_active_account: active account resolved user_id = user-charlie;
account_id = demo-dog; color: whitesmoke; background: #444 color: gray; font-style: italic color: inherit @ http://localhost:3000/wasm/snippets/dioxus-interpreter-js-c0f0333193e32f17/src/js/patch_console.js:0
[   35779ms] [LOG] %cINFO%c crates/core/src/ui/account/common/channel_list.rs:365%c open_direct_message_from_active_account: existing DM found, activating dm_id = dm-user-charlie; color: whitesmoke; background: #444 color: gray; font-style: italic color: inherit @ http://localhost:3000/wasm/snippets/dioxus-interpreter-js-c0f0333193e32f17/src/js/patch_console.js:0
[   35780ms] [LOG] %cINFO%c crates/core/src/ui/account/common/channel_list.rs:255%c activate_dm_channel: start dm_id = dm-user-charlie;
account_id = demo-dog; color: whitesmoke; background: #444 color: gray; font-style: italic color: inherit @ http://localhost:3000/wasm/snippets/dioxus-interpreter-js-c0f0333193e32f17/src/js/patch_console.js:0
[   35780ms] [LOG] %cINFO%c crates/core/src/ui/account/common/channel_list.rs:275%c activate_dm_channel: app_state nav written dm_id = dm-user-charlie; color: whitesmoke; background: #444 color: gray; font-style: italic color: inherit @ http://localhost:3000/wasm/snippets/dioxus-interpreter-js-c0f0333193e32f17/src/js/patch_console.js:0
[   35780ms] [LOG] %cINFO%c crates/core/src/ui/account/common/channel_list.rs:295%c activate_dm_channel: chat_data written dm_id = dm-user-charlie; color: whitesmoke; background: #444 color: gray; font-style: italic color: inherit @ http://localhost:3000/wasm/snippets/dioxus-interpreter-js-c0f0333193e32f17/src/js/patch_console.js:0
[   35780ms] [LOG] %cINFO%c crates/core/src/ui/account/common/channel_list.rs:304%c activate_dm_channel: navigating to DmChat route dm_id = dm-user-charlie; color: whitesmoke; background: #444 color: gray; font-style: italic color: inherit @ http://localhost:3000/wasm/snippets/dioxus-interpreter-js-c0f0333193e32f17/src/js/patch_console.js:0
[   35781ms] [LOG] %cDEBUG%c crates/core/src/ui/routes.rs:2176%c visited route variant: DmChat color: lawngreen; background: #444 color: gray; font-style: italic color: inherit @ http://localhost:3000/wasm/snippets/dioxus-interpreter-js-c0f0333193e32f17/src/js/patch_console.js:0
[   35783ms] [LOG] %cINFO%c crates/core/src/ui/account/common/channel_list.rs:312%c activate_dm_channel: done dm_id = dm-user-charlie; color: whitesmoke; background: #444 color: gray; font-style: italic color: inherit @ http://localhost:3000/wasm/snippets/dioxus-interpreter-js-c0f0333193e32f17/src/js/patch_console.js:0
